  Using 'git status' to determine working set for adaptive non-unity build.
  Creating makefile for hot reloading DrawPracticeEditor (modules to compile have changed)
  Compiling game modules for hot reload
  Using Visual Studio 2017 14.14.26428 toolchain (C:\Program Files (x86)\Microsoft Visual Studio\2017\Community\VC\Tools\MSVC\14.14.26428) and Windows 10.0.16299.0 SDK (C:\Program Files (x86)\Windows Kits\10).
  Parsing headers for DrawPracticeEditor
    Running UnrealHeaderTool "E:\unrealproject\VRpractice\DrawPractice\DrawPractice.uproject" "E:\unrealproject\VRpractice\DrawPractice\Intermediate\Build\Win64\DrawPracticeEditor\Development\DrawPracticeEditor.uhtmanifest" -LogCmds="loginit warning, logexit warning, logdatabase error" -Unattended -WarningsAsErrors -installed
  Reflection code generated for DrawPracticeEditor in 10.6873296 seconds
  Building 9 actions with 8 processes...
    [1/9] DrawPractice.init.gen.cpp
    [2/9] Stroke.gen.cpp
    [3/9] Stroke.cpp
    [4/9] HandController.cpp
    [5/9] VRPawn.cpp
    [6/9] VRPawn.gen.cpp
    [7/9] HandController.gen.cpp
    [8/9] UE4Editor-DrawPractice-5448.lib
       E:\unrealproject\VRpractice\DrawPractice\Intermediate\Build\Win64\UE4Editor\Development\DrawPractice\UE4Editor-DrawPractice-5448.lib ????귯?? ?? E:\unrealproject\VRpractice\DrawPractice\Intermediate\Build\Win64\UE4Editor\Development\DrawPractice\UE4Editor-DrawPractice-5448.exp ??u?? ??????? ??????.
    [9/9] UE4Editor-DrawPractice-5448.dll
       E:\unrealproject\VRpractice\DrawPractice\Intermediate\Build\Win64\UE4Editor\Development\DrawPractice\UE4Editor-DrawPractice-5448.suppressed.lib ????귯?? ?? E:\unrealproject\VRpractice\DrawPractice\Intermediate\Build\Win64\UE4Editor\Development\DrawPractice\UE4Editor-DrawPractice-5448.suppressed.exp ??u?? ??????? ??????.
  Deploying DrawPracticeEditor Win64 Development...
  Total build time: 22.55 seconds (Parallel executor: 2.92 seconds)
